running example: 2020年 03月 09日 星期一 18:14:42 CST

   setting up example...


  running mesher on  256 processors...


  running database generation on  256 processors...


===================================================================================
=   BAD TERMINATION OF ONE OF YOUR APPLICATION PROCESSES
=   PID 26866 RUNNING AT c53n08
=   EXIT CODE: 8
=   CLEANING UP REMAINING PROCESSES
=   YOU CAN IGNORE THE BELOW CLEANUP MESSAGES
===================================================================================
   Intel(R) MPI Library troubleshooting guide:
      https://software.intel.com/node/561764
===================================================================================

------------------------------------------------------------
Sender: LSF System <lsfadmin@c38n04>
Subject: Job 1282193: <sem_Xu> in cluster <njucluster> Exited

Job <sem_Xu> was submitted from host <c01n01> by user <goxu> in cluster <njucluster> at Mon Mar  9 18:14:27 2020
Job was executed on host(s) <24*c38n04>, in queue <mpi>, as user <goxu> in cluster <njucluster> at Mon Mar  9 18:14:41 2020
                            <24*c34n04>
                            <24*c02n09>
                            <24*c55n09>
                            <24*c15n14>
                            <24*c31n11>
                            <24*c41n06>
                            <24*c38n02>
                            <24*c56n01>
                            <24*c12n05>
                            <24*c53n08>
</share/home/goxu> was used as the home directory.
</share/home/goxu/xu_mijian/workspace/semfk/flat> was used as the working directory.
Started at Mon Mar  9 18:14:41 2020
Terminated at Mon Mar  9 18:14:46 2020
Results reported at Mon Mar  9 18:14:46 2020

Your job looked like:

------------------------------------------------------------
# LSBATCH: User input
#!/bin/bash
#BSUB -q mpi
#BSUB -J sem_Xu
#BSUB -n 264
#BSUB -o out.log
#BSUB -e err.log

echo "running example: `date`"
currentdir=`pwd`

# sets up directory structure in current example directory
echo
echo "   setting up example..."
echo

# cleans output files
mkdir -p OUTPUT_FILES
rm -rf OUTPUT_FILES/*

semhome=$HOME/software/specfem3d

# links executables
mkdir -p bin
cd bin/
rm -f *
ln -s $semhome/bin/xmeshfem3D
ln -s $semhome/bin/xgenerate_databases
ln -s $semhome/bin/xspecfem3D
ln -s $semhome/bin/xcombine_vol_data_vtk
cd ../

# stores setup
cp DATA/Par_file OUTPUT_FILES/
cp DATA/CMTSOLUTION OUTPUT_FILES/
cp DATA/STATIONS OUTPUT_FILES/

# get the number of processors, ignoring comments in the Par_file
NPROC=`grep ^NPROC DATA/Par_file | grep -v -E '^[[:space:]]*#' | cut -d = -f 2`

BASEMPIDIR=`grep ^LOCAL_PATH DATA/Par_file | cut -d = -f 2 `
mkdir -p $BASEMPIDIR

# runs in-house mesher
if [ "$NPROC" -eq 1 ]; then
  # This is a serial simulation
  echo
  echo "  running mesher..."
  echo
  ./bin/xmeshfem3D
else

(... more ...)
------------------------------------------------------------

Exited with exit code 1.

Resource usage summary:

    CPU time :                                   196.03 sec.
    Max Memory :                                 -
    Average Memory :                             -
    Total Requested Memory :                     -
    Delta Memory :                               -
    Max Swap :                                   -
    Max Processes :                              -
    Max Threads :                                -
    Run time :                                   3 sec.
    Turnaround time :                            19 sec.

The output (if any) is above this job summary.



PS:

Read file <err.log> for stderr output of this job.

running example: 2020年 03月 09日 星期一 18:17:43 CST

   setting up example...


  running mesher on  256 processors...


  running database generation on  256 processors...


===================================================================================
=   BAD TERMINATION OF ONE OF YOUR APPLICATION PROCESSES
=   PID 29087 RUNNING AT c64n13
=   EXIT CODE: 8
=   CLEANING UP REMAINING PROCESSES
=   YOU CAN IGNORE THE BELOW CLEANUP MESSAGES
===================================================================================
   Intel(R) MPI Library troubleshooting guide:
      https://software.intel.com/node/561764
===================================================================================

------------------------------------------------------------
Sender: LSF System <lsfadmin@c55n07>
Subject: Job 1282221: <sem_Xu> in cluster <njucluster> Exited

Job <sem_Xu> was submitted from host <c01n01> by user <goxu> in cluster <njucluster> at Mon Mar  9 18:17:21 2020
Job was executed on host(s) <24*c55n07>, in queue <mpi>, as user <goxu> in cluster <njucluster> at Mon Mar  9 18:17:42 2020
                            <24*c50n02>
                            <24*c07n09>
                            <24*c02n09>
                            <24*c08n10>
                            <24*c53n11>
                            <24*c15n14>
                            <24*c38n04>
                            <24*c33n07>
                            <24*c16n10>
                            <24*c64n13>
</share/home/goxu> was used as the home directory.
</share/home/goxu/xu_mijian/workspace/semfk/flat> was used as the working directory.
Started at Mon Mar  9 18:17:42 2020
Terminated at Mon Mar  9 18:17:47 2020
Results reported at Mon Mar  9 18:17:47 2020

Your job looked like:

------------------------------------------------------------
# LSBATCH: User input
#!/bin/bash
#BSUB -q mpi
#BSUB -J sem_Xu
#BSUB -n 264
#BSUB -o out.log
#BSUB -e err.log

echo "running example: `date`"
currentdir=`pwd`

# sets up directory structure in current example directory
echo
echo "   setting up example..."
echo

# cleans output files
mkdir -p OUTPUT_FILES
rm -rf OUTPUT_FILES/*

semhome=$HOME/software/specfem3d

# links executables
mkdir -p bin
cd bin/
rm -f *
ln -s $semhome/bin/xmeshfem3D
ln -s $semhome/bin/xgenerate_databases
ln -s $semhome/bin/xspecfem3D
ln -s $semhome/bin/xcombine_vol_data_vtk
cd ../

# stores setup
cp DATA/Par_file OUTPUT_FILES/
cp DATA/CMTSOLUTION OUTPUT_FILES/
cp DATA/STATIONS OUTPUT_FILES/

# get the number of processors, ignoring comments in the Par_file
NPROC=`grep ^NPROC DATA/Par_file | grep -v -E '^[[:space:]]*#' | cut -d = -f 2`

BASEMPIDIR=`grep ^LOCAL_PATH DATA/Par_file | cut -d = -f 2 `
mkdir -p $BASEMPIDIR

# runs in-house mesher
if [ "$NPROC" -eq 1 ]; then
  # This is a serial simulation
  echo
  echo "  running mesher..."
  echo
  ./bin/xmeshfem3D
else

(... more ...)
------------------------------------------------------------

Exited with exit code 1.

Resource usage summary:

    CPU time :                                   216.00 sec.
    Max Memory :                                 -
    Average Memory :                             -
    Total Requested Memory :                     -
    Delta Memory :                               -
    Max Swap :                                   -
    Max Processes :                              -
    Max Threads :                                -
    Run time :                                   4 sec.
    Turnaround time :                            26 sec.

The output (if any) is above this job summary.



PS:

Read file <err.log> for stderr output of this job.

running example: 2020年 03月 09日 星期一 18:20:24 CST

   setting up example...


  running mesher on  256 processors...


  running database generation on  256 processors...


===================================================================================
=   BAD TERMINATION OF ONE OF YOUR APPLICATION PROCESSES
=   PID 22189 RUNNING AT c12n05
=   EXIT CODE: 8
=   CLEANING UP REMAINING PROCESSES
=   YOU CAN IGNORE THE BELOW CLEANUP MESSAGES
===================================================================================
   Intel(R) MPI Library troubleshooting guide:
      https://software.intel.com/node/561764
===================================================================================

------------------------------------------------------------
Sender: LSF System <lsfadmin@c38n04>
Subject: Job 1282256: <sem_Xu> in cluster <njucluster> Exited

Job <sem_Xu> was submitted from host <c01n01> by user <goxu> in cluster <njucluster> at Mon Mar  9 18:19:52 2020
Job was executed on host(s) <24*c38n04>, in queue <mpi>, as user <goxu> in cluster <njucluster> at Mon Mar  9 18:20:23 2020
                            <24*c16n10>
                            <24*c27n06>
                            <24*c02n09>
                            <24*c06n12>
                            <24*c50n02>
                            <24*c55n07>
                            <24*c07n09>
                            <24*c40n08>
                            <24*c52n13>
                            <24*c12n05>
</share/home/goxu> was used as the home directory.
</share/home/goxu/xu_mijian/workspace/semfk/flat> was used as the working directory.
Started at Mon Mar  9 18:20:23 2020
Terminated at Mon Mar  9 18:20:29 2020
Results reported at Mon Mar  9 18:20:29 2020

Your job looked like:

------------------------------------------------------------
# LSBATCH: User input
#!/bin/bash
#BSUB -q mpi
#BSUB -J sem_Xu
#BSUB -n 264
#BSUB -o out.log
#BSUB -e err.log

echo "running example: `date`"
currentdir=`pwd`

# sets up directory structure in current example directory
echo
echo "   setting up example..."
echo

# cleans output files
mkdir -p OUTPUT_FILES
rm -rf OUTPUT_FILES/*

semhome=$HOME/software/specfem3d

# links executables
mkdir -p bin
cd bin/
rm -f *
ln -s $semhome/bin/xmeshfem3D
ln -s $semhome/bin/xgenerate_databases
ln -s $semhome/bin/xspecfem3D
ln -s $semhome/bin/xcombine_vol_data_vtk
cd ../

# stores setup
cp DATA/Par_file OUTPUT_FILES/
cp DATA/CMTSOLUTION OUTPUT_FILES/
cp DATA/STATIONS OUTPUT_FILES/

# get the number of processors, ignoring comments in the Par_file
NPROC=`grep ^NPROC DATA/Par_file | grep -v -E '^[[:space:]]*#' | cut -d = -f 2`

BASEMPIDIR=`grep ^LOCAL_PATH DATA/Par_file | cut -d = -f 2 `
mkdir -p $BASEMPIDIR

# runs in-house mesher
if [ "$NPROC" -eq 1 ]; then
  # This is a serial simulation
  echo
  echo "  running mesher..."
  echo
  ./bin/xmeshfem3D
else

(... more ...)
------------------------------------------------------------

Exited with exit code 1.

Resource usage summary:

    CPU time :                                   213.08 sec.
    Max Memory :                                 -
    Average Memory :                             -
    Total Requested Memory :                     -
    Delta Memory :                               -
    Max Swap :                                   -
    Max Processes :                              -
    Max Threads :                                -
    Run time :                                   5 sec.
    Turnaround time :                            37 sec.

The output (if any) is above this job summary.



PS:

Read file <err.log> for stderr output of this job.

running example: 2020年 03月 09日 星期一 19:22:55 CST

   setting up example...


  running mesher on  256 processors...


  running database generation on  256 processors...


  running solver on  256 processors...


see results in directory: OUTPUT_FILES/

done
2020年 03月 09日 星期一 19:28:05 CST

------------------------------------------------------------
Sender: LSF System <lsfadmin@c09n13>
Subject: Job 1283002: <sem_Xu> in cluster <njucluster> Done

Job <sem_Xu> was submitted from host <c01n01> by user <goxu> in cluster <njucluster> at Mon Mar  9 19:22:39 2020
Job was executed on host(s) <24*c09n13>, in queue <mpi>, as user <goxu> in cluster <njucluster> at Mon Mar  9 19:22:54 2020
                            <24*c14n03>
                            <24*c47n03>
                            <24*c06n12>
                            <24*c65n03>
                            <24*c09n07>
                            <24*c31n05>
                            <24*c18n08>
                            <24*c26n14>
                            <24*c28n04>
                            <24*c48n02>
</share/home/goxu> was used as the home directory.
</share/home/goxu/xu_mijian/workspace/semfk/flat> was used as the working directory.
Started at Mon Mar  9 19:22:54 2020
Terminated at Mon Mar  9 19:28:06 2020
Results reported at Mon Mar  9 19:28:06 2020

Your job looked like:

------------------------------------------------------------
# LSBATCH: User input
#!/bin/bash
#BSUB -q mpi
#BSUB -J sem_Xu
#BSUB -n 264
#BSUB -o out.log
#BSUB -e err.log

echo "running example: `date`"
currentdir=`pwd`

# sets up directory structure in current example directory
echo
echo "   setting up example..."
echo

# cleans output files
mkdir -p OUTPUT_FILES
rm -rf OUTPUT_FILES/*

semhome=$HOME/software/specfem3d

# links executables
mkdir -p bin
cd bin/
rm -f *
ln -s $semhome/bin/xmeshfem3D
ln -s $semhome/bin/xgenerate_databases
ln -s $semhome/bin/xspecfem3D
ln -s $semhome/bin/xcombine_vol_data_vtk
cd ../

# stores setup
cp DATA/Par_file OUTPUT_FILES/
cp DATA/CMTSOLUTION OUTPUT_FILES/
cp DATA/STATIONS OUTPUT_FILES/

# get the number of processors, ignoring comments in the Par_file
NPROC=`grep ^NPROC DATA/Par_file | grep -v -E '^[[:space:]]*#' | cut -d = -f 2`

BASEMPIDIR=`grep ^LOCAL_PATH DATA/Par_file | cut -d = -f 2 `
mkdir -p $BASEMPIDIR

# runs in-house mesher
if [ "$NPROC" -eq 1 ]; then
  # This is a serial simulation
  echo
  echo "  running mesher..."
  echo
  ./bin/xmeshfem3D
else

(... more ...)
------------------------------------------------------------

Successfully completed.

Resource usage summary:

    CPU time :                                   73228.00 sec.
    Max Memory :                                 79400 MB
    Average Memory :                             51573.70 MB
    Total Requested Memory :                     -
    Delta Memory :                               -
    Max Swap :                                   -
    Max Processes :                              274
    Max Threads :                                532
    Run time :                                   312 sec.
    Turnaround time :                            327 sec.

The output (if any) is above this job summary.



PS:

Read file <err.log> for stderr output of this job.

running example: 2020年 03月 10日 星期二 17:50:01 CST

   setting up example...


  running mesher on  256 processors...


  running database generation on  256 processors...


  running solver on  256 processors...


see results in directory: OUTPUT_FILES/

done
2020年 03月 10日 星期二 17:55:14 CST

------------------------------------------------------------
Sender: LSF System <lsfadmin@c54n03>
Subject: Job 1303862: <sem_Xu> in cluster <njucluster> Done

Job <sem_Xu> was submitted from host <c01n01> by user <goxu> in cluster <njucluster> at Tue Mar 10 17:33:47 2020
Job was executed on host(s) <24*c54n03>, in queue <mpi>, as user <goxu> in cluster <njucluster> at Tue Mar 10 17:49:59 2020
                            <24*c33n11>
                            <24*c58n05>
                            <24*c56n06>
                            <24*c30n09>
                            <24*c08n07>
                            <24*c50n01>
                            <24*c13n12>
                            <24*c36n12>
                            <24*c41n09>
                            <24*c23n10>
</share/home/goxu> was used as the home directory.
</share/home/goxu/xu_mijian/workspace/semfk/flat> was used as the working directory.
Started at Tue Mar 10 17:49:59 2020
Terminated at Tue Mar 10 17:55:15 2020
Results reported at Tue Mar 10 17:55:15 2020

Your job looked like:

------------------------------------------------------------
# LSBATCH: User input
#!/bin/bash
#BSUB -q mpi
#BSUB -J sem_Xu
#BSUB -n 264
#BSUB -o out.log
#BSUB -e err.log

echo "running example: `date`"
currentdir=`pwd`

# sets up directory structure in current example directory
echo
echo "   setting up example..."
echo

# cleans output files
mkdir -p OUTPUT_FILES
rm -rf OUTPUT_FILES/*

semhome=$HOME/software/specfem3d

# links executables
mkdir -p bin
cd bin/
rm -f *
ln -s $semhome/bin/xmeshfem3D
ln -s $semhome/bin/xgenerate_databases
ln -s $semhome/bin/xspecfem3D
ln -s $semhome/bin/xcombine_vol_data_vtk
cd ../

# stores setup
cp DATA/Par_file OUTPUT_FILES/
cp DATA/CMTSOLUTION OUTPUT_FILES/
cp DATA/STATIONS OUTPUT_FILES/

# get the number of processors, ignoring comments in the Par_file
NPROC=`grep ^NPROC DATA/Par_file | grep -v -E '^[[:space:]]*#' | cut -d = -f 2`

BASEMPIDIR=`grep ^LOCAL_PATH DATA/Par_file | cut -d = -f 2 `
mkdir -p $BASEMPIDIR

# runs in-house mesher
if [ "$NPROC" -eq 1 ]; then
  # This is a serial simulation
  echo
  echo "  running mesher..."
  echo
  ./bin/xmeshfem3D
else

(... more ...)
------------------------------------------------------------

Successfully completed.

Resource usage summary:

    CPU time :                                   73581.00 sec.
    Max Memory :                                 79392 MB
    Average Memory :                             45972.16 MB
    Total Requested Memory :                     -
    Delta Memory :                               -
    Max Swap :                                   -
    Max Processes :                              274
    Max Threads :                                532
    Run time :                                   316 sec.
    Turnaround time :                            1288 sec.

The output (if any) is above this job summary.



PS:

Read file <err.log> for stderr output of this job.

running example: 2020年 03月 10日 星期二 21:30:16 CST

   setting up example...


  running mesher on  256 processors...


  running database generation on  256 processors...


  running solver on  256 processors...


see results in directory: OUTPUT_FILES/

done
2020年 03月 10日 星期二 21:35:54 CST

------------------------------------------------------------
Sender: LSF System <lsfadmin@c12n11>
Subject: Job 1305910: <sem_Xu> in cluster <njucluster> Done

Job <sem_Xu> was submitted from host <c01n01> by user <goxu> in cluster <njucluster> at Tue Mar 10 21:29:34 2020
Job was executed on host(s) <24*c12n11>, in queue <mpi>, as user <goxu> in cluster <njucluster> at Tue Mar 10 21:30:16 2020
                            <24*c04n04>
                            <24*c13n09>
                            <24*c54n11>
                            <24*c64n02>
                            <24*c31n10>
                            <24*c34n03>
                            <24*c10n01>
                            <24*c16n10>
                            <24*c45n06>
                            <24*c06n11>
</share/home/goxu> was used as the home directory.
</share/home/goxu/xu_mijian/workspace/semfk/flat> was used as the working directory.
Started at Tue Mar 10 21:30:16 2020
Terminated at Tue Mar 10 21:35:55 2020
Results reported at Tue Mar 10 21:35:55 2020

Your job looked like:

------------------------------------------------------------
# LSBATCH: User input
#!/bin/bash
#BSUB -q mpi
#BSUB -J sem_Xu
#BSUB -n 264
#BSUB -o out.log
#BSUB -e err.log

echo "running example: `date`"
currentdir=`pwd`

# sets up directory structure in current example directory
echo
echo "   setting up example..."
echo

# cleans output files
mkdir -p OUTPUT_FILES
rm -rf OUTPUT_FILES/*

semhome=$HOME/software/specfem3d

# links executables
mkdir -p bin
cd bin/
rm -f *
ln -s $semhome/bin/xmeshfem3D
ln -s $semhome/bin/xgenerate_databases
ln -s $semhome/bin/xspecfem3D
ln -s $semhome/bin/xcombine_vol_data_vtk
cd ../

# stores setup
cp DATA/Par_file OUTPUT_FILES/
cp DATA/CMTSOLUTION OUTPUT_FILES/
cp DATA/STATIONS OUTPUT_FILES/

# get the number of processors, ignoring comments in the Par_file
NPROC=`grep ^NPROC DATA/Par_file | grep -v -E '^[[:space:]]*#' | cut -d = -f 2`

BASEMPIDIR=`grep ^LOCAL_PATH DATA/Par_file | cut -d = -f 2 `
mkdir -p $BASEMPIDIR

# runs in-house mesher
if [ "$NPROC" -eq 1 ]; then
  # This is a serial simulation
  echo
  echo "  running mesher..."
  echo
  ./bin/xmeshfem3D
else

(... more ...)
------------------------------------------------------------

Successfully completed.

Resource usage summary:

    CPU time :                                   76699.00 sec.
    Max Memory :                                 79963 MB
    Average Memory :                             65389.43 MB
    Total Requested Memory :                     -
    Delta Memory :                               -
    Max Swap :                                   -
    Max Processes :                              274
    Max Threads :                                532
    Run time :                                   339 sec.
    Turnaround time :                            381 sec.

The output (if any) is above this job summary.



PS:

Read file <err.log> for stderr output of this job.

